Monday 01 January 2024 00:00:02 GMT - Happy New Year! Welcome to 2024
Monday 01 January 2024 00:15:01 GMT - Happy New Year! Welcome to 2024
Monday 01 January 2024 00:30:02 GMT - Happy New Year! Welcome to 2024
Monday 01 January 2024 00:45:02 GMT - Happy New Year! Welcome to 2024
Monday 01 January 2024 01:00:01 GMT - Happy New Year! Welcome to 2024
Monday 01 January 2024 01:15:02 GMT - Happy New Year! Welcome to 2024
Monday 01 January 2024 01:30:02 GMT - Happy New Year! Welcome to 2024
Monday 01 January 2024 01:45:01 GMT - Happy New Year! Welcome to 2024
Monday 01 January 2024 02:00:01 GMT - Happy New Year! Welcome to 2024
Monday 01 January 2024 02:15:01 GMT - Happy New Year! Welcome to 2024
Monday 01 January 2024 02:30:01 GMT - Happy New Year! Welcome to 2024
Monday 01 January 2024 02:45:02 GMT - Happy New Year! Welcome to 2024
Monday 01 January 2024 03:00:01 GMT - Happy New Year! Welcome to 2024
Monday 01 January 2024 03:15:02 GMT - Happy New Year! Welcome to 2024
Monday 01 January 2024 03:30:02 GMT - Happy New Year! Welcome to 2024
Monday 01 January 2024 03:45:01 GMT - Happy New Year! Welcome to 2024
Monday 01 January 2024 04:00:02 GMT - Happy New Year! Welcome to 2024
Monday 01 January 2024 04:15:01 GMT - Happy New Year! Welcome to 2024
Monday 01 January 2024 04:30:01 GMT - Happy New Year! Welcome to 2024
Monday 01 January 2024 04:45:02 GMT - Happy New Year! Welcome to 2024
Monday 01 January 2024 05:00:01 GMT - Happy New Year! Welcome to 2024
Monday 01 January 2024 05:15:02 GMT - Happy New Year! Welcome to 2024
Monday 01 January 2024 05:30:01 GMT - Happy New Year! Welcome to 2024
Monday 01 January 2024 05:45:01 GMT - Happy New Year! Welcome to 2024
Monday 01 January 2024 06:00:02 GMT - Happy New Year! Welcome to 2024
Monday 01 January 2024 06:15:01 GMT - Happy New Year! Welcome to 2024
Monday 01 January 2024 06:30:01 GMT - Happy New Year! Welcome to 2024
Monday 01 January 2024 06:45:02 GMT - Happy New Year! Welcome to 2024
Monday 01 January 2024 07:00:01 GMT - Happy New Year! Welcome to 2024
Monday 01 January 2024 07:15:02 GMT - Happy New Year! Welcome to 2024
Monday 01 January 2024 07:30:01 GMT - Happy New Year! Welcome to 2024
Monday 01 January 2024 07:45:02 GMT - Happy New Year! Welcome to 2024
Monday 01 January 2024 08:00:02 GMT - Happy New Year! Welcome to 2024
Monday 01 January 2024 08:15:02 GMT - Happy New Year! Welcome to 2024
Monday 01 January 2024 08:30:02 GMT - Happy New Year! Welcome to 2024
Monday 01 January 2024 08:45:01 GMT - Happy New Year! Welcome to 2024
Monday 01 January 2024 09:00:02 GMT - Happy New Year! Welcome to 2024
Monday 01 January 2024 09:15:02 GMT - Happy New Year! Welcome to 2024
Monday 01 January 2024 09:30:01 GMT - Happy New Year! Welcome to 2024
Monday 01 January 2024 09:45:02 GMT - Happy New Year! Welcome to 2024
Monday 01 January 2024 10:00:01 GMT - Happy New Year! Welcome to 2024
Monday 01 January 2024 10:15:02 GMT - Happy New Year! Welcome to 2024
Monday 01 January 2024 10:30:01 GMT - Happy New Year! Welcome to 2024
Monday 01 January 2024 10:45:01 GMT - Happy New Year! Welcome to 2024
Monday 01 January 2024 11:00:02 GMT - Happy New Year! Welcome to 2024
Monday 01 January 2024 11:15:01 GMT - Happy New Year! Welcome to 2024
Monday 01 January 2024 11:30:01 GMT - Happy New Year! Welcome to 2024
Monday 01 January 2024 11:45:02 GMT - Happy New Year! Welcome to 2024
Monday 01 January 2024 12:00:01 GMT - Happy New Year! Welcome to 2024
Monday 01 January 2024 12:15:01 GMT - Happy New Year! Welcome to 2024
Monday 01 January 2024 12:30:02 GMT - Happy New Year! Welcome to 2024
Monday 01 January 2024 12:45:01 GMT - Happy New Year! Welcome to 2024
Monday 01 January 2024 13:00:01 GMT - Happy New Year! Welcome to 2024
Monday 01 January 2024 13:15:02 GMT - Happy New Year! Welcome to 2024
Monday 01 January 2024 13:30:01 GMT - Happy New Year! Welcome to 2024
Monday 01 January 2024 13:45:01 GMT - Happy New Year! Welcome to 2024
Monday 01 January 2024 14:00:02 GMT - Happy New Year! Welcome to 2024
Monday 01 January 2024 14:15:01 GMT - Happy New Year! Welcome to 2024
Monday 01 January 2024 14:30:02 GMT - Happy New Year! Welcome to 2024
Monday 01 January 2024 14:45:01 GMT - Happy New Year! Welcome to 2024
Monday 01 January 2024 15:00:01 GMT - Happy New Year! Welcome to 2024
Monday 01 January 2024 15:15:02 GMT - Happy New Year! Welcome to 2024
Monday 01 January 2024 15:30:01 GMT - Happy New Year! Welcome to 2024
Monday 01 January 2024 15:45:02 GMT - Happy New Year! Welcome to 2024
Monday 01 January 2024 16:00:02 GMT - Happy New Year! Welcome to 2024
Monday 01 January 2024 16:15:01 GMT - Happy New Year! Welcome to 2024
Monday 01 January 2024 16:30:02 GMT - Happy New Year! Welcome to 2024
Monday 01 January 2024 16:45:01 GMT - Happy New Year! Welcome to 2024
Monday 01 January 2024 17:00:02 GMT - Happy New Year! Welcome to 2024
Monday 01 January 2024 17:15:01 GMT - Happy New Year! Welcome to 2024
Monday 01 January 2024 17:30:01 GMT - Happy New Year! Welcome to 2024
Monday 01 January 2024 17:45:02 GMT - Happy New Year! Welcome to 2024
Monday 01 January 2024 18:00:01 GMT - Happy New Year! Welcome to 2024
Monday 01 January 2024 18:15:02 GMT - Happy New Year! Welcome to 2024
Monday 01 January 2024 18:30:01 GMT - Happy New Year! Welcome to 2024
Monday 01 January 2024 18:45:02 GMT - Happy New Year! Welcome to 2024
Monday 01 January 2024 19:00:02 GMT - Happy New Year! Welcome to 2024
Monday 01 January 2024 19:15:01 GMT - Happy New Year! Welcome to 2024
Monday 01 January 2024 19:30:02 GMT - Happy New Year! Welcome to 2024
Monday 01 January 2024 19:45:01 GMT - Happy New Year! Welcome to 2024
Monday 01 January 2024 20:00:02 GMT - Happy New Year! Welcome to 2024
Monday 01 January 2024 20:15:01 GMT - Happy New Year! Welcome to 2024
Monday 01 January 2024 20:30:01 GMT - Happy New Year! Welcome to 2024
Monday 01 January 2024 20:45:02 GMT - Happy New Year! Welcome to 2024
Monday 01 January 2024 21:00:01 GMT - Happy New Year! Welcome to 2024
Monday 01 January 2024 21:15:02 GMT - Happy New Year! Welcome to 2024
Monday 01 January 2024 21:30:01 GMT - Happy New Year! Welcome to 2024
Monday 01 January 2024 21:45:02 GMT - Happy New Year! Welcome to 2024
Monday 01 January 2024 22:00:02 GMT - Happy New Year! Welcome to 2024
Monday 01 January 2024 22:15:01 GMT - Happy New Year! Welcome to 2024
Monday 01 January 2024 22:30:02 GMT - Happy New Year! Welcome to 2024
Monday 01 January 2024 22:45:01 GMT - Happy New Year! Welcome to 2024
Monday 01 January 2024 23:00:02 GMT - Happy New Year! Welcome to 2024
Monday 01 January 2024 23:15:01 GMT - Happy New Year! Welcome to 2024
Monday 01 January 2024 23:30:01 GMT - Happy New Year! Welcome to 2024
Monday 01 January 2024 23:45:02 GMT - Happy New Year! Welcome to 2024
Tuesday 02 January 2024 00:00:01 GMT
Tuesday 02 January 2024 00:15:02 GMT
Tuesday 02 January 2024 00:30:02 GMT
Tuesday 02 January 2024 00:45:01 GMT
Tuesday 02 January 2024 01:00:02 GMT
Tuesday 02 January 2024 01:15:02 GMT
Tuesday 02 January 2024 01:30:01 GMT
Tuesday 02 January 2024 01:45:02 GMT
Tuesday 02 January 2024 02:00:01 GMT
Tuesday 02 January 2024 02:15:01 GMT
Tuesday 02 January 2024 02:30:02 GMT
Tuesday 02 January 2024 02:45:01 GMT
Tuesday 02 January 2024 03:00:01 GMT
Tuesday 02 January 2024 03:15:02 GMT
Tuesday 02 January 2024 03:30:01 GMT
Tuesday 02 January 2024 03:45:01 GMT
Tuesday 02 January 2024 04:00:02 GMT
Tuesday 02 January 2024 04:15:01 GMT
Tuesday 02 January 2024 04:30:02 GMT
Tuesday 02 January 2024 04:45:02 GMT
Tuesday 02 January 2024 05:00:01 GMT
Tuesday 02 January 2024 05:15:02 GMT
Tuesday 02 January 2024 05:30:01 GMT
Tuesday 02 January 2024 05:45:01 GMT
Tuesday 02 January 2024 06:00:02 GMT
Tuesday 02 January 2024 06:15:01 GMT
Tuesday 02 January 2024 06:30:02 GMT
Tuesday 02 January 2024 06:45:01 GMT
Tuesday 02 January 2024 07:00:01 GMT
Tuesday 02 January 2024 07:15:02 GMT
Tuesday 02 January 2024 07:30:01 GMT
Tuesday 02 January 2024 07:45:02 GMT
Tuesday 02 January 2024 08:00:01 GMT
Tuesday 02 January 2024 08:15:01 GMT
Tuesday 02 January 2024 08:30:02 GMT
Tuesday 02 January 2024 08:45:01 GMT
Tuesday 02 January 2024 09:00:02 GMT
Tuesday 02 January 2024 09:15:02 GMT
Tuesday 02 January 2024 09:30:02 GMT
Tuesday 02 January 2024 09:45:01 GMT
Tuesday 02 January 2024 10:00:02 GMT
Tuesday 02 January 2024 10:15:01 GMT
Tuesday 02 January 2024 10:30:02 GMT
Tuesday 02 January 2024 10:45:01 GMT
Tuesday 02 January 2024 11:00:01 GMT
Tuesday 02 January 2024 11:15:02 GMT
Tuesday 02 January 2024 11:30:01 GMT
Tuesday 02 January 2024 11:45:02 GMT
Tuesday 02 January 2024 12:00:02 GMT
Tuesday 02 January 2024 12:15:02 GMT
Tuesday 02 January 2024 12:30:01 GMT
Tuesday 02 January 2024 12:45:02 GMT
Tuesday 02 January 2024 13:00:01 GMT
Tuesday 02 January 2024 13:15:02 GMT
Tuesday 02 January 2024 13:30:02 GMT
Tuesday 02 January 2024 13:45:01 GMT
Tuesday 02 January 2024 14:00:02 GMT
Tuesday 02 January 2024 14:15:01 GMT
Tuesday 02 January 2024 14:30:02 GMT
Tuesday 02 January 2024 14:45:01 GMT
Tuesday 02 January 2024 15:00:02 GMT
Tuesday 02 January 2024 15:15:01 GMT
Tuesday 02 January 2024 15:30:02 GMT
Tuesday 02 January 2024 15:45:01 GMT
Tuesday 02 January 2024 16:00:02 GMT
Tuesday 02 January 2024 16:15:01 GMT
Tuesday 02 January 2024 16:30:02 GMT
Tuesday 02 January 2024 16:45:01 GMT
Tuesday 02 January 2024 17:00:02 GMT
Tuesday 02 January 2024 17:15:01 GMT
Tuesday 02 January 2024 17:30:01 GMT
Tuesday 02 January 2024 17:45:01 GMT
Tuesday 02 January 2024 18:00:01 GMT
Tuesday 02 January 2024 18:15:01 GMT
Tuesday 02 January 2024 18:30:01 GMT
Tuesday 02 January 2024 18:45:02 GMT
Tuesday 02 January 2024 19:00:01 GMT
Tuesday 02 January 2024 19:15:02 GMT
Tuesday 02 January 2024 19:30:02 GMT
Tuesday 02 January 2024 19:45:02 GMT
Tuesday 02 January 2024 20:00:02 GMT
Tuesday 02 January 2024 20:15:02 GMT
Tuesday 02 January 2024 20:30:01 GMT
Tuesday 02 January 2024 20:45:01 GMT
Tuesday 02 January 2024 21:00:02 GMT
Tuesday 02 January 2024 21:15:01 GMT
Tuesday 02 January 2024 21:30:02 GMT
Tuesday 02 January 2024 21:45:01 GMT
Tuesday 02 January 2024 22:00:01 GMT
Tuesday 02 January 2024 22:15:02 GMT
Tuesday 02 January 2024 22:30:01 GMT
Tuesday 02 January 2024 22:45:02 GMT
Tuesday 02 January 2024 23:00:01 GMT
Tuesday 02 January 2024 23:15:02 GMT
Tuesday 02 January 2024 23:30:01 GMT
Tuesday 02 January 2024 23:45:01 GMT
Wednesday 03 January 2024 00:00:02 GMT
Wednesday 03 January 2024 00:15:01 GMT
Wednesday 03 January 2024 00:30:02 GMT
Wednesday 03 January 2024 00:45:01 GMT
Wednesday 03 January 2024 01:00:01 GMT
Wednesday 03 January 2024 01:15:02 GMT
Wednesday 03 January 2024 01:30:01 GMT
Wednesday 03 January 2024 01:45:01 GMT
Wednesday 03 January 2024 02:00:02 GMT
Wednesday 03 January 2024 02:15:01 GMT
Wednesday 03 January 2024 02:30:01 GMT
Wednesday 03 January 2024 02:45:02 GMT
Wednesday 03 January 2024 03:00:01 GMT
Wednesday 03 January 2024 03:15:02 GMT
Wednesday 03 January 2024 03:30:01 GMT
Wednesday 03 January 2024 03:45:01 GMT
Wednesday 03 January 2024 04:00:02 GMT
Wednesday 03 January 2024 04:15:01 GMT
Wednesday 03 January 2024 04:30:02 GMT
Wednesday 03 January 2024 04:45:01 GMT
Wednesday 03 January 2024 05:00:01 GMT
Wednesday 03 January 2024 05:15:02 GMT
Wednesday 03 January 2024 05:30:01 GMT
Wednesday 03 January 2024 05:45:01 GMT
Wednesday 03 January 2024 06:00:02 GMT
Wednesday 03 January 2024 06:15:01 GMT
Wednesday 03 January 2024 06:30:02 GMT
Wednesday 03 January 2024 06:45:01 GMT
Wednesday 03 January 2024 07:00:01 GMT
Wednesday 03 January 2024 07:15:02 GMT
Wednesday 03 January 2024 07:30:01 GMT
Wednesday 03 January 2024 07:45:02 GMT
Wednesday 03 January 2024 08:00:02 GMT
Wednesday 03 January 2024 08:15:02 GMT
Wednesday 03 January 2024 08:30:01 GMT
Wednesday 03 January 2024 08:45:02 GMT
Wednesday 03 January 2024 09:00:02 GMT
Wednesday 03 January 2024 09:15:02 GMT
Wednesday 03 January 2024 09:30:01 GMT
Wednesday 03 January 2024 09:45:02 GMT
Wednesday 03 January 2024 10:00:02 GMT
Wednesday 03 January 2024 10:15:01 GMT
Wednesday 03 January 2024 10:30:02 GMT
Wednesday 03 January 2024 10:45:01 GMT
Wednesday 03 January 2024 11:00:02 GMT
Wednesday 03 January 2024 11:15:01 GMT
Wednesday 03 January 2024 11:30:02 GMT
Wednesday 03 January 2024 11:45:01 GMT
Wednesday 03 January 2024 12:00:01 GMT
Wednesday 03 January 2024 12:15:01 GMT
Wednesday 03 January 2024 12:30:02 GMT
Wednesday 03 January 2024 12:45:01 GMT
Wednesday 03 January 2024 13:00:02 GMT
Wednesday 03 January 2024 13:15:01 GMT
Wednesday 03 January 2024 13:30:02 GMT
Wednesday 03 January 2024 13:45:01 GMT
Wednesday 03 January 2024 14:00:02 GMT
Wednesday 03 January 2024 14:15:01 GMT
Wednesday 03 January 2024 14:30:02 GMT
Wednesday 03 January 2024 14:45:01 GMT
Wednesday 03 January 2024 15:00:02 GMT
Wednesday 03 January 2024 15:15:01 GMT
Wednesday 03 January 2024 15:30:02 GMT
Wednesday 03 January 2024 15:45:01 GMT
Wednesday 03 January 2024 16:00:01 GMT
Wednesday 03 January 2024 16:15:02 GMT
Wednesday 03 January 2024 16:30:01 GMT
Wednesday 03 January 2024 16:45:02 GMT
Wednesday 03 January 2024 17:00:01 GMT
Wednesday 03 January 2024 17:15:02 GMT
Wednesday 03 January 2024 17:30:01 GMT
Wednesday 03 January 2024 17:45:01 GMT
Wednesday 03 January 2024 18:00:01 GMT
Wednesday 03 January 2024 18:15:01 GMT
Wednesday 03 January 2024 18:30:02 GMT
Wednesday 03 January 2024 18:45:01 GMT
Wednesday 03 January 2024 19:00:02 GMT
Wednesday 03 January 2024 19:15:02 GMT
Wednesday 03 January 2024 19:30:01 GMT
Wednesday 03 January 2024 19:45:02 GMT
Wednesday 03 January 2024 20:00:01 GMT
Wednesday 03 January 2024 20:15:01 GMT
Wednesday 03 January 2024 20:30:01 GMT
Wednesday 03 January 2024 20:45:02 GMT
Wednesday 03 January 2024 21:00:01 GMT
Wednesday 03 January 2024 21:15:01 GMT
Wednesday 03 January 2024 21:30:01 GMT
Wednesday 03 January 2024 21:45:02 GMT
Wednesday 03 January 2024 22:00:02 GMT
Wednesday 03 January 2024 22:15:02 GMT
Wednesday 03 January 2024 22:30:01 GMT
Wednesday 03 January 2024 22:45:01 GMT
Wednesday 03 January 2024 23:00:02 GMT
Wednesday 03 January 2024 23:15:01 GMT
Wednesday 03 January 2024 23:30:01 GMT
Wednesday 03 January 2024 23:45:01 GMT
Thursday 04 January 2024 00:00:02 GMT
Thursday 04 January 2024 00:15:01 GMT
Thursday 04 January 2024 00:30:02 GMT
Thursday 04 January 2024 00:45:01 GMT
Thursday 04 January 2024 01:00:02 GMT
Thursday 04 January 2024 01:15:01 GMT
Thursday 04 January 2024 01:30:02 GMT
Thursday 04 January 2024 01:45:02 GMT
Thursday 04 January 2024 02:00:01 GMT
Thursday 04 January 2024 02:15:02 GMT
Thursday 04 January 2024 02:30:01 GMT
Thursday 04 January 2024 02:45:01 GMT
Thursday 04 January 2024 03:00:02 GMT
Thursday 04 January 2024 03:15:01 GMT
Thursday 04 January 2024 03:30:01 GMT
Thursday 04 January 2024 03:45:02 GMT
Thursday 04 January 2024 04:00:01 GMT
Thursday 04 January 2024 04:15:01 GMT
Thursday 04 January 2024 04:30:02 GMT
Thursday 04 January 2024 04:45:01 GMT
Thursday 04 January 2024 05:00:01 GMT
Thursday 04 January 2024 05:15:02 GMT
Thursday 04 January 2024 05:30:01 GMT
Thursday 04 January 2024 05:45:02 GMT
Thursday 04 January 2024 06:00:01 GMT
Thursday 04 January 2024 06:15:01 GMT
Thursday 04 January 2024 06:30:02 GMT
Thursday 04 January 2024 06:45:01 GMT
Thursday 04 January 2024 07:00:01 GMT
Thursday 04 January 2024 07:15:01 GMT
Thursday 04 January 2024 07:30:01 GMT
Thursday 04 January 2024 07:45:02 GMT
Thursday 04 January 2024 08:00:01 GMT
Thursday 04 January 2024 08:15:02 GMT
Thursday 04 January 2024 08:30:01 GMT
Thursday 04 January 2024 08:45:02 GMT
Thursday 04 January 2024 09:00:01 GMT
Thursday 04 January 2024 09:15:02 GMT
Thursday 04 January 2024 09:30:01 GMT
Thursday 04 January 2024 09:45:02 GMT
Thursday 04 January 2024 10:00:02 GMT
Thursday 04 January 2024 10:15:01 GMT
Thursday 04 January 2024 10:30:01 GMT
Thursday 04 January 2024 10:45:02 GMT
Thursday 04 January 2024 11:00:01 GMT
Thursday 04 January 2024 11:15:02 GMT
Thursday 04 January 2024 11:30:01 GMT
Thursday 04 January 2024 11:45:02 GMT
Thursday 04 January 2024 12:00:01 GMT
Thursday 04 January 2024 12:15:01 GMT
Thursday 04 January 2024 12:30:01 GMT
Thursday 04 January 2024 12:45:02 GMT
Thursday 04 January 2024 13:00:01 GMT
Thursday 04 January 2024 13:15:02 GMT
Thursday 04 January 2024 13:30:01 GMT
Thursday 04 January 2024 13:45:01 GMT
Thursday 04 January 2024 14:00:01 GMT
Thursday 04 January 2024 14:15:01 GMT
Thursday 04 January 2024 14:30:01 GMT
Thursday 04 January 2024 14:45:01 GMT
Thursday 04 January 2024 15:00:01 GMT
Thursday 04 January 2024 15:15:01 GMT
Thursday 04 January 2024 15:30:01 GMT
Thursday 04 January 2024 15:45:01 GMT
Thursday 04 January 2024 16:00:02 GMT
Thursday 04 January 2024 16:15:01 GMT
Thursday 04 January 2024 16:30:02 GMT
Thursday 04 January 2024 16:45:02 GMT
Thursday 04 January 2024 17:00:01 GMT
Thursday 04 January 2024 17:15:01 GMT
Thursday 04 January 2024 17:30:02 GMT
Thursday 04 January 2024 17:45:01 GMT
Thursday 04 January 2024 18:00:01 GMT
Thursday 04 January 2024 18:15:02 GMT
Thursday 04 January 2024 18:30:01 GMT
Thursday 04 January 2024 18:45:02 GMT
Thursday 04 January 2024 19:00:01 GMT
Thursday 04 January 2024 19:15:02 GMT
Thursday 04 January 2024 19:30:01 GMT
Thursday 04 January 2024 19:45:01 GMT
Thursday 04 January 2024 20:00:02 GMT
Thursday 04 January 2024 20:15:01 GMT
Thursday 04 January 2024 20:30:02 GMT
Thursday 04 January 2024 20:45:01 GMT
Thursday 04 January 2024 21:00:01 GMT
Thursday 04 January 2024 21:15:01 GMT
Thursday 04 January 2024 21:30:02 GMT
Thursday 04 January 2024 21:45:01 GMT
Thursday 04 January 2024 22:00:02 GMT
Thursday 04 January 2024 22:15:01 GMT
Thursday 04 January 2024 22:30:02 GMT
Thursday 04 January 2024 22:45:01 GMT
Thursday 04 January 2024 23:00:02 GMT
Thursday 04 January 2024 23:15:01 GMT
Thursday 04 January 2024 23:30:02 GMT
Thursday 04 January 2024 23:45:01 GMT
Friday 05 January 2024 00:00:02 GMT
Friday 05 January 2024 00:15:06 GMT
Friday 05 January 2024 00:30:02 GMT
Friday 05 January 2024 00:45:01 GMT
Friday 05 January 2024 01:00:02 GMT
Friday 05 January 2024 01:15:01 GMT
Friday 05 January 2024 01:30:02 GMT
Friday 05 January 2024 01:45:02 GMT
Friday 05 January 2024 02:00:01 GMT
Friday 05 January 2024 02:15:02 GMT
Friday 05 January 2024 02:30:01 GMT
Friday 05 January 2024 02:45:01 GMT
Friday 05 January 2024 03:00:02 GMT
Friday 05 January 2024 03:15:01 GMT
Friday 05 January 2024 03:30:02 GMT
Friday 05 January 2024 03:45:01 GMT
Friday 05 January 2024 04:00:02 GMT
Friday 05 January 2024 04:15:01 GMT
Friday 05 January 2024 04:30:02 GMT
Friday 05 January 2024 04:45:02 GMT
Friday 05 January 2024 05:00:02 GMT
Friday 05 January 2024 05:15:01 GMT
Friday 05 January 2024 05:30:02 GMT
Friday 05 January 2024 05:45:02 GMT
Friday 05 January 2024 06:00:01 GMT
Friday 05 January 2024 06:15:02 GMT
Friday 05 January 2024 06:30:01 GMT
Friday 05 January 2024 06:45:02 GMT
Friday 05 January 2024 07:00:02 GMT
Friday 05 January 2024 07:15:02 GMT
Friday 05 January 2024 07:30:01 GMT
Friday 05 January 2024 07:45:02 GMT
Friday 05 January 2024 08:00:02 GMT
Friday 05 January 2024 08:15:01 GMT
Friday 05 January 2024 08:30:02 GMT
Friday 05 January 2024 08:45:01 GMT
Friday 05 January 2024 09:00:01 GMT
Friday 05 January 2024 09:15:02 GMT
Friday 05 January 2024 09:30:01 GMT
Friday 05 January 2024 09:45:02 GMT
Friday 05 January 2024 10:00:01 GMT
Friday 05 January 2024 10:15:01 GMT
Friday 05 January 2024 10:30:01 GMT
Friday 05 January 2024 10:45:02 GMT
Friday 05 January 2024 11:00:01 GMT
Friday 05 January 2024 11:15:01 GMT
Friday 05 January 2024 11:30:01 GMT
Friday 05 January 2024 11:45:02 GMT
Friday 05 January 2024 12:00:01 GMT
Friday 05 January 2024 12:15:01 GMT
Friday 05 January 2024 12:30:01 GMT
Friday 05 January 2024 12:45:02 GMT
Friday 05 January 2024 13:00:01 GMT
Friday 05 January 2024 13:15:01 GMT
Friday 05 January 2024 13:30:02 GMT
Friday 05 January 2024 13:45:01 GMT
Friday 05 January 2024 14:00:02 GMT
Friday 05 January 2024 14:15:02 GMT
Friday 05 January 2024 14:30:01 GMT
Friday 05 January 2024 14:45:02 GMT
Friday 05 January 2024 15:00:01 GMT
Friday 05 January 2024 15:15:02 GMT
Friday 05 January 2024 15:30:02 GMT
Friday 05 January 2024 15:45:01 GMT
Friday 05 January 2024 16:00:02 GMT
Friday 05 January 2024 16:15:02 GMT
Friday 05 January 2024 16:30:02 GMT
Friday 05 January 2024 16:45:01 GMT
Friday 05 January 2024 17:00:02 GMT
Friday 05 January 2024 17:15:01 GMT
Friday 05 January 2024 17:30:02 GMT
Friday 05 January 2024 17:45:01 GMT
Friday 05 January 2024 18:00:02 GMT
Friday 05 January 2024 18:15:01 GMT
Friday 05 January 2024 18:30:02 GMT
Friday 05 January 2024 18:45:01 GMT
Friday 05 January 2024 19:00:01 GMT
Friday 05 January 2024 19:15:01 GMT
Friday 05 January 2024 19:30:01 GMT
Friday 05 January 2024 19:45:01 GMT
Friday 05 January 2024 20:00:01 GMT
Friday 05 January 2024 20:15:01 GMT
Friday 05 January 2024 20:30:01 GMT
Friday 05 January 2024 20:45:02 GMT
Friday 05 January 2024 21:00:01 GMT
Friday 05 January 2024 21:15:02 GMT
Friday 05 January 2024 21:30:01 GMT
Friday 05 January 2024 21:45:02 GMT
Friday 05 January 2024 22:00:01 GMT
Friday 05 January 2024 22:15:02 GMT
Friday 05 January 2024 22:30:02 GMT
Friday 05 January 2024 22:45:02 GMT
Friday 05 January 2024 23:00:01 GMT
Friday 05 January 2024 23:15:02 GMT
Friday 05 January 2024 23:30:01 GMT
Friday 05 January 2024 23:45:02 GMT
Saturday 06 January 2024 00:00:01 GMT - Happy Women's Little Christmas (Nollaig na mBan)!
Saturday 06 January 2024 00:15:01 GMT - Happy Women's Little Christmas (Nollaig na mBan)!
Saturday 06 January 2024 00:30:02 GMT - Happy Women's Little Christmas (Nollaig na mBan)!
Saturday 06 January 2024 00:45:01 GMT - Happy Women's Little Christmas (Nollaig na mBan)!
Saturday 06 January 2024 01:00:01 GMT - Happy Women's Little Christmas (Nollaig na mBan)!
Saturday 06 January 2024 01:15:02 GMT - Happy Women's Little Christmas (Nollaig na mBan)!
Saturday 06 January 2024 01:30:01 GMT - Happy Women's Little Christmas (Nollaig na mBan)!
Saturday 06 January 2024 01:45:02 GMT - Happy Women's Little Christmas (Nollaig na mBan)!
Saturday 06 January 2024 02:00:02 GMT - Happy Women's Little Christmas (Nollaig na mBan)!
Saturday 06 January 2024 02:15:01 GMT - Happy Women's Little Christmas (Nollaig na mBan)!
Saturday 06 January 2024 02:30:02 GMT - Happy Women's Little Christmas (Nollaig na mBan)!
Saturday 06 January 2024 02:45:01 GMT - Happy Women's Little Christmas (Nollaig na mBan)!
Saturday 06 January 2024 03:00:01 GMT - Happy Women's Little Christmas (Nollaig na mBan)!
Saturday 06 January 2024 03:15:02 GMT - Happy Women's Little Christmas (Nollaig na mBan)!
Saturday 06 January 2024 03:30:01 GMT - Happy Women's Little Christmas (Nollaig na mBan)!
Saturday 06 January 2024 03:45:02 GMT - Happy Women's Little Christmas (Nollaig na mBan)!
Saturday 06 January 2024 04:00:01 GMT - Happy Women's Little Christmas (Nollaig na mBan)!
Saturday 06 January 2024 04:15:02 GMT - Happy Women's Little Christmas (Nollaig na mBan)!
Saturday 06 January 2024 04:30:01 GMT - Happy Women's Little Christmas (Nollaig na mBan)!
Saturday 06 January 2024 04:45:02 GMT - Happy Women's Little Christmas (Nollaig na mBan)!
Saturday 06 January 2024 05:00:01 GMT - Happy Women's Little Christmas (Nollaig na mBan)!
Saturday 06 January 2024 05:15:01 GMT - Happy Women's Little Christmas (Nollaig na mBan)!
Saturday 06 January 2024 05:30:02 GMT - Happy Women's Little Christmas (Nollaig na mBan)!
Saturday 06 January 2024 05:45:02 GMT - Happy Women's Little Christmas (Nollaig na mBan)!
Saturday 06 January 2024 06:00:01 GMT - Happy Women's Little Christmas (Nollaig na mBan)!
Saturday 06 January 2024 06:15:01 GMT - Happy Women's Little Christmas (Nollaig na mBan)!
Saturday 06 January 2024 06:30:01 GMT - Happy Women's Little Christmas (Nollaig na mBan)!
Saturday 06 January 2024 06:45:02 GMT - Happy Women's Little Christmas (Nollaig na mBan)!
Saturday 06 January 2024 07:00:02 GMT - Happy Women's Little Christmas (Nollaig na mBan)!
Saturday 06 January 2024 07:15:01 GMT - Happy Women's Little Christmas (Nollaig na mBan)!
Saturday 06 January 2024 07:30:02 GMT - Happy Women's Little Christmas (Nollaig na mBan)!
Saturday 06 January 2024 07:45:01 GMT - Happy Women's Little Christmas (Nollaig na mBan)!
Saturday 06 January 2024 08:00:01 GMT - Happy Women's Little Christmas (Nollaig na mBan)!
Saturday 06 January 2024 08:15:02 GMT - Happy Women's Little Christmas (Nollaig na mBan)!
Saturday 06 January 2024 08:30:01 GMT - Happy Women's Little Christmas (Nollaig na mBan)!
Saturday 06 January 2024 08:45:01 GMT - Happy Women's Little Christmas (Nollaig na mBan)!
Saturday 06 January 2024 09:00:02 GMT - Happy Women's Little Christmas (Nollaig na mBan)!
Saturday 06 January 2024 09:15:02 GMT - Happy Women's Little Christmas (Nollaig na mBan)!
Saturday 06 January 2024 09:30:01 GMT - Happy Women's Little Christmas (Nollaig na mBan)!
Saturday 06 January 2024 09:45:02 GMT - Happy Women's Little Christmas (Nollaig na mBan)!
Saturday 06 January 2024 10:00:01 GMT - Happy Women's Little Christmas (Nollaig na mBan)!
Saturday 06 January 2024 10:15:01 GMT - Happy Women's Little Christmas (Nollaig na mBan)!
Saturday 06 January 2024 10:30:02 GMT - Happy Women's Little Christmas (Nollaig na mBan)!
Saturday 06 January 2024 10:45:01 GMT - Happy Women's Little Christmas (Nollaig na mBan)!
Saturday 06 January 2024 11:00:02 GMT - Happy Women's Little Christmas (Nollaig na mBan)!
Saturday 06 January 2024 11:15:01 GMT - Happy Women's Little Christmas (Nollaig na mBan)!
Saturday 06 January 2024 11:30:01 GMT - Happy Women's Little Christmas (Nollaig na mBan)!
Saturday 06 January 2024 11:45:02 GMT - Happy Women's Little Christmas (Nollaig na mBan)!
Saturday 06 January 2024 12:00:01 GMT - Happy Women's Little Christmas (Nollaig na mBan)!
Saturday 06 January 2024 12:15:02 GMT - Happy Women's Little Christmas (Nollaig na mBan)!
Saturday 06 January 2024 12:30:01 GMT - Happy Women's Little Christmas (Nollaig na mBan)!
Saturday 06 January 2024 12:45:01 GMT - Happy Women's Little Christmas (Nollaig na mBan)!
Saturday 06 January 2024 13:00:02 GMT - Happy Women's Little Christmas (Nollaig na mBan)!
Saturday 06 January 2024 13:15:01 GMT - Happy Women's Little Christmas (Nollaig na mBan)!
Saturday 06 January 2024 13:30:01 GMT - Happy Women's Little Christmas (Nollaig na mBan)!
Saturday 06 January 2024 13:45:02 GMT - Happy Women's Little Christmas (Nollaig na mBan)!
Saturday 06 January 2024 14:00:01 GMT - Happy Women's Little Christmas (Nollaig na mBan)!
Saturday 06 January 2024 14:15:02 GMT - Happy Women's Little Christmas (Nollaig na mBan)!
Saturday 06 January 2024 14:30:01 GMT - Happy Women's Little Christmas (Nollaig na mBan)!
Saturday 06 January 2024 14:45:01 GMT - Happy Women's Little Christmas (Nollaig na mBan)!
Saturday 06 January 2024 15:00:02 GMT - Happy Women's Little Christmas (Nollaig na mBan)!
Saturday 06 January 2024 15:15:01 GMT - Happy Women's Little Christmas (Nollaig na mBan)!
Saturday 06 January 2024 15:30:02 GMT - Happy Women's Little Christmas (Nollaig na mBan)!
Saturday 06 January 2024 15:45:01 GMT - Happy Women's Little Christmas (Nollaig na mBan)!
Saturday 06 January 2024 16:00:02 GMT - Happy Women's Little Christmas (Nollaig na mBan)!
Saturday 06 January 2024 16:15:01 GMT - Happy Women's Little Christmas (Nollaig na mBan)!
Saturday 06 January 2024 16:30:02 GMT - Happy Women's Little Christmas (Nollaig na mBan)!
Saturday 06 January 2024 16:45:01 GMT - Happy Women's Little Christmas (Nollaig na mBan)!
Saturday 06 January 2024 17:00:01 GMT - Happy Women's Little Christmas (Nollaig na mBan)!
Saturday 06 January 2024 17:15:02 GMT - Happy Women's Little Christmas (Nollaig na mBan)!
Saturday 06 January 2024 17:30:01 GMT - Happy Women's Little Christmas (Nollaig na mBan)!
Saturday 06 January 2024 17:45:02 GMT - Happy Women's Little Christmas (Nollaig na mBan)!
Saturday 06 January 2024 18:00:01 GMT - Happy Women's Little Christmas (Nollaig na mBan)!
Saturday 06 January 2024 18:15:02 GMT - Happy Women's Little Christmas (Nollaig na mBan)!
Saturday 06 January 2024 18:30:01 GMT - Happy Women's Little Christmas (Nollaig na mBan)!
Saturday 06 January 2024 18:45:02 GMT - Happy Women's Little Christmas (Nollaig na mBan)!
Saturday 06 January 2024 19:00:02 GMT - Happy Women's Little Christmas (Nollaig na mBan)!
Saturday 06 January 2024 19:15:01 GMT - Happy Women's Little Christmas (Nollaig na mBan)!
